#
# There is insufficient memory for the Java Runtime Environment to continue.
# Native memory allocation (malloc) failed to allocate 1048576 bytes. Error detail: AllocateHeap
# Possible reasons:
#   The system is out of physical RAM or swap space
#   This process is running with CompressedOops enabled, and the Java Heap may be blocking the growth of the native heap
# Possible solutions:
#   Reduce memory load on the system
#   Increase physical memory or swap space
#   Check if swap backing store is full
#   Decrease Java heap size (-Xmx/-Xms)
#   Decrease number of Java threads
#   Decrease Java thread stack sizes (-Xss)
#   Set larger code cache with -XX:ReservedCodeCacheSize=
#   JVM is running with Unscaled Compressed Oops mode in which the Java heap is
#     placed in the first 4GB address space. The Java Heap base address is the
#     maximum limit for the native heap growth. Please use -XX:HeapBaseMinAddress
#     to set the Java Heap base and to place the Java Heap above 4GB virtual address.
# This output file may be truncated or incomplete.
#
#  Out of Memory Error (allocation.cpp:44), pid=6284, tid=12036
#
# JRE version:  (17.0.15+6) (build )
# Java VM: OpenJDK 64-Bit Server VM (17.0.15+6-LTS, mixed mode, sharing, tiered, compressed oops, compressed class ptrs, g1 gc, windows-amd64)
# No core dump will be written. Minidumps are not enabled by default on client versions of Windows
#

---------------  S U M M A R Y ------------

Command Line: -Dclassworlds.conf=C:\OpenSource\apache-maven-3.9.9\bin\m2.conf -Dmaven.home=C:\OpenSource\apache-maven-3.9.9 -Dlibrary.jansi.path=C:\OpenSource\apache-maven-3.9.9\lib\jansi-native -Dmaven.multiModuleProjectDirectory=D:\Projects\API-1-CP1 org.codehaus.plexus.classworlds.launcher.Launcher spring-boot:run

Host: Intel(R) Core(TM) i7-3770 CPU @ 3.40GHz, 8 cores, 7G,  Windows 11 , 64 bit Build 26100 (10.0.26100.4202)
Time: Mon May  4 19:35:27 2026 E. South America Standard Time elapsed time: 2.118518 seconds (0d 0h 0m 2s)

---------------  T H R E A D  ---------------

Current thread (0x000002015595b820):  JavaThread "Unknown thread" [_thread_in_vm, id=12036, stack(0x0000006282100000,0x0000006282200000)]

Stack: [0x0000006282100000,0x0000006282200000]
Native frames: (J=compiled Java code, j=interpreted, Vv=VM code, C=native code)
V  [jvm.dll+0x6887a9]
V  [jvm.dll+0x83f5a8]
V  [jvm.dll+0x841053]
V  [jvm.dll+0x8416c3]
V  [jvm.dll+0x2496ef]
V  [jvm.dll+0xa7813]
V  [jvm.dll+0x2ddf27]
V  [jvm.dll+0x81149f]
V  [jvm.dll+0x370d21]
V  [jvm.dll+0x7f011f]
V  [jvm.dll+0x3f781e]
V  [jvm.dll+0x3f9351]
C  [jli.dll+0x52a0]
C  [ucrtbase.dll+0x37b0]
C  [KERNEL32.DLL+0x2e8d7]
C  [ntdll.dll+0x3c34c]


---------------  P R O C E S S  ---------------

Threads class SMR info:
_java_thread_list=0x00007ff803feefd8, length=0, elements={
}

Java Threads: ( => current thread )

Other Threads:

=>0x000002015595b820 (exited) JavaThread "Unknown thread" [_thread_in_vm, id=12036, stack(0x0000006282100000,0x0000006282200000)]

Threads with active compile tasks:

VM state: not at safepoint (not fully initialized)

VM Mutex/Monitor currently owned by a thread: None

Heap address: 0x0000000000000000, size: 0 MB, Compressed Oops mode: 32-bit

CDS archive(s) mapped at: [0x0000000000000000-0x0000000000000000-0x0000000000000000), size 0, SharedBaseAddress: 0x0000000800000000, ArchiveRelocationMode: 1.
Narrow klass base: 0x0000000000000000, Narrow klass shift: 0, Narrow klass range: 0x0

GC Precious Log:
<Empty>

GC Heap History (0 events):
No events

Dll operation events (1 events):
Event: 1.069 Loaded shared library C:\Program Files\Microsoft\jdk-17.0.15.6-hotspot\bin\java.dll

Deoptimization events (0 events):
No events

Classes loaded (0 events):
No events

Classes unloaded (0 events):
No events

Classes redefined (0 events):
No events

Internal exceptions (0 events):
No events

VM Operations (0 events):
No events

Memory protections (0 events):
No events

Nmethod flushes (0 events):
No events

Events (0 events):
No events


Dynamic libraries:
0x00007ff6532f0000 - 0x00007ff6532fe000 	C:\Program Files\Microsoft\jdk-17.0.15.6-hotspot\bin\java.exe
0x00007ff86e260000 - 0x00007ff86e4c5000 	C:\windows\SYSTEM32\ntdll.dll
0x00007ff86cb70000 - 0x00007ff86cc39000 	C:\windows\System32\KERNEL32.DLL
0x00007ff86b660000 - 0x00007ff86ba48000 	C:\windows\System32\KERNELBASE.dll
0x00007ff86ba50000 - 0x00007ff86bb9b000 	C:\windows\System32\ucrtbase.dll
0x00007ff85aaa0000 - 0x00007ff85aabd000 	C:\Program Files\Microsoft\jdk-17.0.15.6-hotspot\bin\VCRUNTIME140.dll
0x00007ff85aa80000 - 0x00007ff85aa97000 	C:\Program Files\Microsoft\jdk-17.0.15.6-hotspot\bin\jli.dll
0x00007ff86c380000 - 0x00007ff86c54a000 	C:\windows\System32\USER32.dll
0x00007ff858de0000 - 0x00007ff85907a000 	C:\windows\WinSxS\amd64_microsoft.windows.common-controls_6595b64144ccf1df_6.0.26100.4202_none_3e0698d4e335f517\COMCTL32.dll
0x00007ff86bda0000 - 0x00007ff86bdc7000 	C:\windows\System32\win32u.dll
0x00007ff86dae0000 - 0x00007ff86db89000 	C:\windows\System32\msvcrt.dll
0x00007ff86ce60000 - 0x00007ff86ce8b000 	C:\windows\System32\GDI32.dll
0x00007ff86bc60000 - 0x00007ff86bd97000 	C:\windows\System32\gdi32full.dll
0x00007ff86bf50000 - 0x00007ff86bff3000 	C:\windows\System32\msvcp_win.dll
0x00007ff86e1e0000 - 0x00007ff86e210000 	C:\windows\System32\IMM32.DLL
0x00007ff8601e0000 - 0x00007ff8601ec000 	C:\Program Files\Microsoft\jdk-17.0.15.6-hotspot\bin\vcruntime140_1.dll
0x00007ff85a9d0000 - 0x00007ff85aa5d000 	C:\Program Files\Microsoft\jdk-17.0.15.6-hotspot\bin\msvcp140.dll
0x00007ff8034b0000 - 0x00007ff804122000 	C:\Program Files\Microsoft\jdk-17.0.15.6-hotspot\bin\server\jvm.dll
0x00007ff86c1c0000 - 0x00007ff86c273000 	C:\windows\System32\ADVAPI32.dll
0x00007ff86cac0000 - 0x00007ff86cb66000 	C:\windows\System32\sechost.dll
0x00007ff86c550000 - 0x00007ff86c665000 	C:\windows\System32\RPCRT4.dll
0x00007ff86e140000 - 0x00007ff86e1b4000 	C:\windows\System32\WS2_32.dll
0x00007ff86b220000 - 0x00007ff86b27e000 	C:\windows\SYSTEM32\POWRPROF.dll
0x00007ff838f40000 - 0x00007ff838f75000 	C:\windows\SYSTEM32\WINMM.dll
0x00007ff85e9c0000 - 0x00007ff85e9cb000 	C:\windows\SYSTEM32\VERSION.dll
0x00007ff86b200000 - 0x00007ff86b214000 	C:\windows\SYSTEM32\UMPDC.dll
0x00007ff86a170000 - 0x00007ff86a18b000 	C:\windows\SYSTEM32\kernel.appcore.dll
0x00007ff85ac20000 - 0x00007ff85ac2a000 	C:\Program Files\Microsoft\jdk-17.0.15.6-hotspot\bin\jimage.dll
0x00007ff838020000 - 0x00007ff838261000 	C:\windows\SYSTEM32\DBGHELP.DLL
0x00007ff86dd50000 - 0x00007ff86e0d5000 	C:\windows\System32\combase.dll
0x00007ff86db90000 - 0x00007ff86dc71000 	C:\windows\System32\OLEAUT32.dll
0x00007ff84e9b0000 - 0x00007ff84e9e9000 	C:\windows\SYSTEM32\dbgcore.DLL
0x00007ff86b5c0000 - 0x00007ff86b659000 	C:\windows\System32\bcryptPrimitives.dll
0x00007ff83f0b0000 - 0x00007ff83f0d5000 	C:\Program Files\Microsoft\jdk-17.0.15.6-hotspot\bin\java.dll

dbghelp: loaded successfully - version: 4.0.5 - missing functions: none
symbol engine: initialized successfully - sym options: 0x614 - pdb path: .;C:\Program Files\Microsoft\jdk-17.0.15.6-hotspot\bin;C:\windows\SYSTEM32;C:\windows\WinSxS\amd64_microsoft.windows.common-controls_6595b64144ccf1df_6.0.26100.4202_none_3e0698d4e335f517;C:\Program Files\Microsoft\jdk-17.0.15.6-hotspot\bin\server

VM Arguments:
jvm_args: -Dclassworlds.conf=C:\OpenSource\apache-maven-3.9.9\bin\m2.conf -Dmaven.home=C:\OpenSource\apache-maven-3.9.9 -Dlibrary.jansi.path=C:\OpenSource\apache-maven-3.9.9\lib\jansi-native -Dmaven.multiModuleProjectDirectory=D:\Projects\API-1-CP1 
java_command: org.codehaus.plexus.classworlds.launcher.Launcher spring-boot:run
java_class_path (initial): C:\OpenSource\apache-maven-3.9.9\boot\plexus-classworlds-2.8.0.jar
Launcher Type: SUN_STANDARD

[Global flags]
     intx CICompilerCount                          = 4                                         {product} {ergonomic}
     uint ConcGCThreads                            = 2                                         {product} {ergonomic}
     uint G1ConcRefinementThreads                  = 8                                         {product} {ergonomic}
   size_t G1HeapRegionSize                         = 1048576                                   {product} {ergonomic}
    uintx GCDrainStackTargetSize                   = 64                                        {product} {ergonomic}
   size_t InitialHeapSize                          = 134217728                                 {product} {ergonomic}
   size_t MarkStackSize                            = 4194304                                   {product} {ergonomic}
   size_t MaxHeapSize                              = 2126512128                                {product} {ergonomic}
   size_t MinHeapDeltaBytes                        = 1048576                                   {product} {ergonomic}
   size_t MinHeapSize                              = 8388608                                   {product} {ergonomic}
    uintx NonNMethodCodeHeapSize                   = 5839372                                {pd product} {ergonomic}
    uintx NonProfiledCodeHeapSize                  = 122909434                              {pd product} {ergonomic}
    uintx ProfiledCodeHeapSize                     = 122909434                              {pd product} {ergonomic}
    uintx ReservedCodeCacheSize                    = 251658240                              {pd product} {ergonomic}
     bool SegmentedCodeCache                       = true                                      {product} {ergonomic}
   size_t SoftMaxHeapSize                          = 2126512128                             {manageable} {ergonomic}
     bool UseCompressedClassPointers               = true                           {product lp64_product} {ergonomic}
     bool UseCompressedOops                        = true                           {product lp64_product} {ergonomic}
     bool UseG1GC                                  = true                                      {product} {ergonomic}
     bool UseLargePagesIndividualAllocation        = false                                  {pd product} {ergonomic}

Logging:
Log output configuration:
 #0: stdout all=warning uptime,level,tags
 #1: stderr all=off uptime,level,tags

Environment Variables:
JAVA_HOME=C:\Program Files\Microsoft\jdk-17.0.15.6-hotspot\
PATH=C:\Program Files (x86)\VMware\VMware Workstation\bin\;C:\Program Files\Microsoft\jdk-17.0.15.6-hotspot\bin;C:\Program Files\Microsoft SDKs\Azure\CLI2\wbin;C:\Program Files\Microsoft MPI\Bin\;C:\programdata\Anaconda3;C:\programdata\Anaconda3\Scripts;C:\programdata\Anaconda3\Library\Bin;C:\mingw64\bin;C:\Program Files\Common Files\Oracle\Java\javapath;C:\Program Files (x86)\Common Files\Oracle\Java\java8path;C:\Program Files (x86)\Common Files\Oracle\Java\javapath;C:\Program Files (x86)\NVIDIA Corporation\PhysX\Common;C:\windows\system32;C:\windows;C:\windows\System32\Wbem;C:\windows\System32\WindowsPowerShell\v1.0\;C:\windows\System32\OpenSSH\;C:\Program Files\Microsoft VS Code\bin;C:\Program Files (x86)\Windows Kits\8.1\Windows Performance Toolkit\;C:\Program Files (x86)\Microsoft SQL Server\160\Tools\Binn\;C:\Program Files\Microsoft SQL Server\160\Tools\Binn\;C:\Program Files\Microsoft SQL Server\Client SDK\ODBC\170\Tools\Binn\;C:\Program Files\Microsoft SQL Server\160\DTS\Binn\;C:\Program Files (x86)\Microsoft SQL Server\160\DTS\Binn\;C:\Program Files\Microsoft SQL Server\150\Tools\Binn\;C:\Program Files\dotnet\;C:\Program Files (x86)\Windows Kits\10\Windows Performance Toolkit\;C:\Program Files\Common Files\Autodesk Shared\;C:\Program Files\Amazon\AWSCLIV2\;C:\OpenSource\php-8.4.7;C:\composer;C:\Program Files\Docker\Docker\resources\bin;C:\Program Files\Microchip\xc8\v3.00\bin;C:\Program Files\Microchip\xc-dsc\v3.21\bin;C:\Program Files\Microchip\xc16\v2.10\bin;C:\Program Files\Microchip\xc32\v4.60\bin;C:\Program Files\Git\cmd;C:\OpenSource\gradle-8.14.1\bin;C:\Program Files\nodejs\;C:\ProgramData\chocolatey\bin;C:\Program Files\PuTTY\;C:\Program Files\Rancher Desktop\resources\resources\win32\bin\;C:\Program Files\Rancher Desktop\resources\resources\win32\docker-cli-plugins\;C:\Program Files\Rancher Desktop\resources\resources\linux\bin\;C:\Program Files\Rancher Desktop\resources\resources\linux\docker-cli-plugins\;C:\Android\SDK\platform-tools;C:\Android\SDK\tools;C:\Program Files\Vagrant\bin;C:\Program Files (x86)\WinSCP\;C:\dev\FlutterSDK\flutter\bin;C:\OpenSource\apache-maven-3.9.9\bin;C:\OpenSource\apache-tomcat-11.0.8\bin;C:\Program Files\NVIDIA Corporation\NVIDIA App\NvDLISR;C:\Android\SDK\emulator;C:\Program Files\MySQL\MySQL Shell 8.0\bin\;C:\Users\labsfiap\AppData\Local\Microsoft\WindowsApps;C:\Program Files\JetBrains\PyCharm Community Edition 2025.1.1\bin;;C:\Users\labsfiap\.dotnet\tools;C:\Users\Administrator\AppData\Roaming\Composer\vendor\bin;C:\Users\Administrator\AppData\Local\GitHubDesktop\bin;C:\Program Files\JetBrains\IntelliJ IDEA Community Edition 2025.1.1.1\bin;;C:\intelFPGA\18.1\modelsim_ase\win32aloem;C:\intelFPGA_lite\24.1std\questa_fse\win64;;C:\Program Files\JetBrains\JetBrains Rider 2025.1.2\bin;;C:\Users\labsfiap\AppData\Roaming\npm
USERNAME=labsfiap
SHELL=C:\Program Files\Git\usr\bin\bash.exe
DISPLAY=needs-to-be-defined
LANG=en_US.UTF-8
LC_CTYPE=en_US.UTF-8
TERM=xterm
TMPDIR=C:\Users\labsfiap\AppData\Local\Temp
OS=Windows_NT
PROCESSOR_IDENTIFIER=Intel64 Family 6 Model 58 Stepping 9, GenuineIntel
TMP=C:\Users\labsfiap\AppData\Local\Temp
TEMP=C:\Users\labsfiap\AppData\Local\Temp



Periodic native trim disabled


---------------  S Y S T E M  ---------------

OS:
 Windows 11 , 64 bit Build 26100 (10.0.26100.4202)
OS uptime: 0 days 1:20 hours
Hyper-V role detected

CPU: total 8 (initial active 8) (4 cores per cpu, 2 threads per core) family 6 model 58 stepping 9 microcode 0x21, cx8, cmov, fxsr, ht, mmx, sse, sse2, sse3, ssse3, sse4.1, sse4.2, popcnt, tsc, tscinvbit, avx, aes, erms, clmul, vzeroupper, clflush, hv
Processor Information for the first 8 processors :
  Max Mhz: 3401, Current Mhz: 1600, Mhz Limit: 3401

Memory: 4k page, system-wide physical 8110M (783M free)
TotalPageFile size 8110M (AvailPageFile size 3M)
current process WorkingSet (physical memory assigned to process): 11M, peak: 11M
current process commit charge ("private bytes"): 15M, peak: 16M

vm_info: OpenJDK 64-Bit Server VM (17.0.15+6-LTS) for windows-amd64 JRE (17.0.15+6-LTS), built on Apr  9 2025 22:27:25 by "MicrosoftCorporation" with unknown MS VC++:1939

END.
